2025-02-09T21:26:18.726+05:30  INFO 14964 --- [course-management-backend-app] [restartedMain] .c.CourseManagementBackendAppApplication : Starting CourseManagementBackendAppApplication using Java 21.0.5 with PID 14964 (C:\Users\Prabhu\OneDrive\Desktop\Ennea Final project\course-management-backend-app\target\classes started by Prabhu in C:\Users\Prabhu\OneDrive\Desktop\Ennea Final project\course-management-backend-app)
2025-02-09T21:26:18.727+05:30 DEBUG 14964 --- [course-management-backend-app] [restartedMain] .c.CourseManagementBackendAppApplication : Running with Spring Boot v3.4.2, Spring v6.2.2
2025-02-09T21:26:18.730+05:30  INFO 14964 --- [course-management-backend-app] [restartedMain] .c.CourseManagementBackendAppApplication : No active profile set, falling back to 1 default profile: "default"
2025-02-09T21:26:18.947+05:30  INFO 14964 --- [course-management-backend-app] [restartedMain] .s.d.r.c.RepositoryConfigurationDelegate : Bootstrapping Spring Data JPA repositories in DEFAULT mode.
2025-02-09T21:26:18.979+05:30  INFO 14964 --- [course-management-backend-app] [restartedMain] .s.d.r.c.RepositoryConfigurationDelegate : Finished Spring Data repository scanning in 29 ms. Found 3 JPA repository interfaces.
2025-02-09T21:26:19.066+05:30  INFO 14964 --- [course-management-backend-app] [restartedMain] o.s.b.w.embedded.tomcat.TomcatWebServer  : Tomcat initialized with port 8080 (http)
2025-02-09T21:26:19.067+05:30  INFO 14964 --- [course-management-backend-app] [restartedMain] o.apache.catalina.core.StandardService   : Starting service [Tomcat]
2025-02-09T21:26:19.068+05:30  INFO 14964 --- [course-management-backend-app] [restartedMain] o.apache.catalina.core.StandardEngine    : Starting Servlet engine: [Apache Tomcat/10.1.34]
2025-02-09T21:26:19.123+05:30  INFO 14964 --- [course-management-backend-app] [restartedMain] o.a.c.c.C.[Tomcat].[localhost].[/]       : Initializing Spring embedded WebApplicationContext
2025-02-09T21:26:19.124+05:30  INFO 14964 --- [course-management-backend-app] [restartedMain] w.s.c.ServletWebServerApplicationContext : Root WebApplicationContext: initialization completed in 392 ms
2025-02-09T21:26:19.142+05:30 DEBUG 14964 --- [course-management-backend-app] [restartedMain] c.c.filters.JwtAuthenticationFilter      : Filter 'jwtAuthenticationFilter' configured for use
2025-02-09T21:26:19.177+05:30  INFO 14964 --- [course-management-backend-app] [restartedMain] o.hibernate.jpa.internal.util.LogHelper  : HHH000204: Processing PersistenceUnitInfo [name: default]
2025-02-09T21:26:19.182+05:30  INFO 14964 --- [course-management-backend-app] [restartedMain] o.h.c.internal.RegionFactoryInitiator    : HHH000026: Second-level cache disabled
2025-02-09T21:26:19.193+05:30  INFO 14964 --- [course-management-backend-app] [restartedMain] o.s.o.j.p.SpringPersistenceUnitInfo      : No LoadTimeWeaver setup: ignoring JPA class transformer
2025-02-09T21:26:19.194+05:30  INFO 14964 --- [course-management-backend-app] [restartedMain] com.zaxxer.hikari.HikariDataSource       : HikariPool-25 - Starting...
2025-02-09T21:26:19.210+05:30  INFO 14964 --- [course-management-backend-app] [restartedMain] com.zaxxer.hikari.pool.HikariPool        : HikariPool-25 - Added connection com.mysql.cj.jdbc.ConnectionImpl@6b41918c
2025-02-09T21:26:19.210+05:30  INFO 14964 --- [course-management-backend-app] [restartedMain] com.zaxxer.hikari.HikariDataSource       : HikariPool-25 - Start completed.
2025-02-09T21:26:19.212+05:30  INFO 14964 --- [course-management-backend-app] [restartedMain] org.hibernate.orm.connections.pooling    : HHH10001005: Database info:
	Database JDBC URL [Connecting through datasource 'HikariDataSource (HikariPool-25)']
	Database driver: undefined/unknown
	Database version: 8.0.40
	Autocommit mode: undefined/unknown
	Isolation level: undefined/unknown
	Minimum pool size: undefined/unknown
	Maximum pool size: undefined/unknown
2025-02-09T21:26:19.288+05:30  INFO 14964 --- [course-management-backend-app] [restartedMain] o.h.e.t.j.p.i.JtaPlatformInitiator       : HHH000489: No JTA platform available (set 'hibernate.transaction.jta.platform' to enable JTA platform integration)
2025-02-09T21:26:19.305+05:30  INFO 14964 --- [course-management-backend-app] [restartedMain] j.LocalContainerEntityManagerFactoryBean : Initialized JPA EntityManagerFactory for persistence unit 'default'
2025-02-09T21:26:19.552+05:30  WARN 14964 --- [course-management-backend-app] [restartedMain] JpaBaseConfiguration$JpaWebConfiguration : spring.jpa.open-in-view is enabled by default. Therefore, database queries may be performed during view rendering. Explicitly configure spring.jpa.open-in-view to disable this warning
2025-02-09T21:26:19.560+05:30  INFO 14964 --- [course-management-backend-app] [restartedMain] r$InitializeUserDetailsManagerConfigurer : Global AuthenticationManager configured with UserDetailsService bean with name inMemoryUserDetailsManager
2025-02-09T21:26:19.735+05:30  INFO 14964 --- [course-management-backend-app] [restartedMain] o.s.b.d.a.OptionalLiveReloadServer       : LiveReload server is running on port 35729
2025-02-09T21:26:19.747+05:30  INFO 14964 --- [course-management-backend-app] [restartedMain] o.s.b.w.embedded.tomcat.TomcatWebServer  : Tomcat started on port 8080 (http) with context path '/'
2025-02-09T21:26:19.750+05:30  INFO 14964 --- [course-management-backend-app] [restartedMain] .c.CourseManagementBackendAppApplication : Started CourseManagementBackendAppApplication in 1.074 seconds (process running for 2348.28)
2025-02-09T21:26:19.752+05:30  INFO 14964 --- [course-management-backend-app] [restartedMain] .ConditionEvaluationDeltaLoggingListener : Condition evaluation unchanged
2025-02-09T21:26:31.431+05:30  INFO 14964 --- [course-management-backend-app] [File Watcher] rtingClassPathChangeChangedEventListener : Restarting due to 1 class path change (0 additions, 0 deletions, 1 modification)
2025-02-09T21:26:31.434+05:30  INFO 14964 --- [course-management-backend-app] [Thread-99] o.s.b.w.e.tomcat.GracefulShutdown        : Commencing graceful shutdown. Waiting for active requests to complete
2025-02-09T21:26:31.443+05:30  INFO 14964 --- [course-management-backend-app] [tomcat-shutdown] o.s.b.w.e.tomcat.GracefulShutdown        : Graceful shutdown complete
2025-02-09T21:26:31.447+05:30  INFO 14964 --- [course-management-backend-app] [Thread-99] j.LocalContainerEntityManagerFactoryBean : Closing JPA EntityManagerFactory for persistence unit 'default'
2025-02-09T21:26:31.447+05:30  INFO 14964 --- [course-management-backend-app] [Thread-99] com.zaxxer.hikari.HikariDataSource       : HikariPool-25 - Shutdown initiated...
2025-02-09T21:26:31.454+05:30  INFO 14964 --- [course-management-backend-app] [Thread-99] com.zaxxer.hikari.HikariDataSource       : HikariPool-25 - Shutdown completed.
